<?xml version="1.0" encoding="UTF-8" ?>
<testsuite errors="0" failures="1" hostname="U-INF-J-C002-09" name="com.rpouiller.TestSimple" skipped="0" tests="3" time="0.249" timestamp="2022-09-22T07:46:39">
  <properties>
    <property name="ant.library.dir" value="/usr/share/ant/lib" />
    <property name="ant.file.type" value="file" />
    <property name="java.specification.version" value="14" />
    <property name="ant.project.name" value="Operations" />
    <property name="sun.jnu.encoding" value="UTF-8" />
    <property name="ant.file.type.Operations" value="file" />
    <property name="java.class.path" value="/home/E206554Q/reseau/Perso/LP/Outil pour le développement/projet/TP-Outils-pour-dev/TOULLEC-AUBEL/lp_od_ant/exercice/lib/hamcrest-core-1.3.jar:/home/E206554Q/reseau/Perso/LP/Outil pour le développement/projet/TP-Outils-pour-dev/TOULLEC-AUBEL/lp_od_ant/exercice/lib/hamcrest-core-2.2.jar:/home/E206554Q/reseau/Perso/LP/Outil pour le développement/projet/TP-Outils-pour-dev/TOULLEC-AUBEL/lp_od_ant/exercice/lib/ivy-2.5.0.jar:/home/E206554Q/reseau/Perso/LP/Outil pour le développement/projet/TP-Outils-pour-dev/TOULLEC-AUBEL/lp_od_ant/exercice/lib/junit-4.13.jar:/home/E206554Q/reseau/Perso/LP/Outil pour le développement/projet/TP-Outils-pour-dev/TOULLEC-AUBEL/lp_od_ant/exercice/lib/junit-4.5.jar:/home/E206554Q/reseau/Perso/LP/Outil pour le développement/projet/TP-Outils-pour-dev/TOULLEC-AUBEL/lp_od_ant/exercice/lib/log4j-1.2-api-2.13.3.jar:/home/E206554Q/reseau/Perso/LP/Outil pour le développement/projet/TP-Outils-pour-dev/TOULLEC-AUBEL/lp_od_ant/exercice/lib/log4j-1.2-api-2.6.2.jar:/home/E206554Q/reseau/Perso/LP/Outil pour le développement/projet/TP-Outils-pour-dev/TOULLEC-AUBEL/lp_od_ant/exercice/lib/log4j-api-2.13.3.jar:/home/E206554Q/reseau/Perso/LP/Outil pour le développement/projet/TP-Outils-pour-dev/TOULLEC-AUBEL/lp_od_ant/exercice/lib/log4j-api-2.6.2.jar:/home/E206554Q/reseau/Perso/LP/Outil pour le développement/projet/TP-Outils-pour-dev/TOULLEC-AUBEL/lp_od_ant/exercice/lib/log4j-core-2.13.3.jar:/home/E206554Q/reseau/Perso/LP/Outil pour le développement/projet/TP-Outils-pour-dev/TOULLEC-AUBEL/lp_od_ant/exercice/lib/log4j-core-2.6.2.jar:/home/E206554Q/reseau/Perso/LP/Outil pour le développement/projet/TP-Outils-pour-dev/TOULLEC-AUBEL/lp_od_ant/exercice/build/jar/Operations.jar:/home/E206554Q/reseau/Perso/LP/Outil pour le développement/projet/TP-Outils-pour-dev/TOULLEC-AUBEL/lp_od_ant/exercice/build/jar/TestOperations.jar:/usr/share/java/ant-launcher-1.10.9.jar:/usr/share/ant/lib/ant.jar:/usr/share/ant/lib/ant-junit.jar:/usr/share/ant/lib/ant-junit4.jar" />
    <property name="https.proxyPort" value="3128" />
    <property name="java.vm.vendor" value="Oracle Corporation" />
    <property name="sun.arch.data.model" value="64" />
    <property name="main-class" value="com/rpouiller/Operations" />
    <property name="java.vendor.url" value="https://java.oracle.com/" />
    <property name="os.name" value="Linux" />
    <property name="java.vm.specification.version" value="14" />
    <property name="jar" value="build/jar" />
    <property name="project.author" value="Moi" />
    <property name="sun.java.launcher" value="SUN_STANDARD" />
    <property name="user.country" value="FR" />
    <property name="sun.boot.library.path" value="/usr/lib/jvm/jdk-14.0.2/lib" />
    <property name="sun.java.command" value="org.apache.tools.ant.taskdefs.optional.junit.JUnitTestRunner com.rpouiller.TestSimple skipNonTests=false filtertrace=true haltOnError=false haltOnFailure=false formatter=org.apache.tools.ant.taskdefs.optional.junit.SummaryJUnitResultFormatter showoutput=false outputtoformatters=true logfailedtests=true threadid=0 logtestlistenerevents=false formatter=org.apache.tools.ant.taskdefs.optional.junit.XMLJUnitResultFormatter,/home/E206554Q/reseau/Perso/LP/Outil pour le développement/projet/TP-Outils-pour-dev/TOULLEC-AUBEL/lp_od_ant/exercice/build/junittest/TEST-com.rpouiller.TestSimple.xml crashfile=/home/E206554Q/reseau/Perso/LP/Outil pour le développement/projet/TP-Outils-pour-dev/TOULLEC-AUBEL/lp_od_ant/exercice/junitvmwatcher9659143996595462347.properties propsfile=/home/E206554Q/reseau/Perso/LP/Outil pour le développement/projet/TP-Outils-pour-dev/TOULLEC-AUBEL/lp_od_ant/exercice/junit10202737143204722956.properties" />
    <property name="jdk.debug" value="release" />
    <property name="test" value="project.properties" />
    <property name="sun.cpu.endian" value="little" />
    <property name="test.dir" value="test" />
    <property name="user.home" value="/home/E206554Q" />
    <property name="user.language" value="fr" />
    <property name="java.specification.vendor" value="Oracle Corporation" />
    <property name="java.version.date" value="2020-07-14" />
    <property name="project.version" value="0.0.1" />
    <property name="java.home" value="/usr/lib/jvm/jdk-14.0.2" />
    <property name="https.proxyHost" value="srv-proxy-etu-2.iut-nantes.univ-nantes.prive" />
    <property name="basedir" value="/home/E206554Q/reseau/Perso/LP/Outil pour le développement/projet/TP-Outils-pour-dev/TOULLEC-AUBEL/lp_od_ant/exercice" />
    <property name="file.separator" value="/" />
    <property name="java.vm.compressedOopsMode" value="Zero based" />
    <property name="line.separator" value="&#xa;" />
    <property name="ant.java.version" value="14" />
    <property name="java.specification.name" value="Java Platform API Specification" />
    <property name="java.vm.specification.vendor" value="Oracle Corporation" />
    <property name="sun.management.compiler" value="HotSpot 64-Bit Tiered Compilers" />
    <property name="java.runtime.version" value="14.0.2+12-46" />
    <property name="user.name" value="E206554Q" />
    <property name="ant.file" value="/home/E206554Q/reseau/Perso/LP/Outil pour le développement/projet/TP-Outils-pour-dev/TOULLEC-AUBEL/lp_od_ant/exercice/build.xml" />
    <property name="path.separator" value=":" />
    <property name="os.version" value="5.10.0-18-amd64" />
    <property name="java.runtime.name" value="Java(TM) SE Runtime Environment" />
    <property name="project.shortname" value="Operations" />
    <property name="ant.project.invoked-targets" value="junitreport" />
    <property name="file.encoding" value="UTF-8" />
    <property name="java.vm.name" value="Java HotSpot(TM) 64-Bit Server VM" />
    <property name="package.name" value="com.developpez.rpouiller.testsjunit4" />
    <property name="ant.file.Operations" value="/home/E206554Q/reseau/Perso/LP/Outil pour le développement/projet/TP-Outils-pour-dev/TOULLEC-AUBEL/lp_od_ant/exercice/build.xml" />
    <property name="build.dir" value="build" />
    <property name="ant.core.lib" value="/usr/share/ant/lib/ant.jar" />
    <property name="mainclass" value="com.developpez.rpouiller.testsjunit4.Operations" />
    <property name="java.vendor.url.bug" value="https://bugreport.java.com/bugreport/" />
    <property name="java.io.tmpdir" value="/tmp" />
    <property name="java.version" value="14.0.2" />
    <property name="user.dir" value="/home/E206554Q/reseau/Perso/LP/Outil pour le développement/projet/TP-Outils-pour-dev/TOULLEC-AUBEL/lp_od_ant/exercice" />
    <property name="os.arch" value="amd64" />
    <property name="java.vm.specification.name" value="Java Virtual Machine Specification" />
    <property name="ant.home" value="/usr/share/ant" />
    <property name="lib.dir" value="lib" />
    <property name="ant.version" value="Apache Ant(TM) version 1.10.9 compiled on December 25 1969" />
    <property name="java.library.path" value="/usr/java/packages/lib:/usr/lib64:/lib64:/lib:/usr/lib" />
    <property name="java.vm.info" value="mixed mode, sharing" />
    <property name="java.vendor" value="Oracle Corporation" />
    <property name="java.vm.version" value="14.0.2+12-46" />
    <property name="classes.dir" value="build/dir" />
    <property name="sun.io.unicode.encoding" value="UnicodeLittle" />
    <property name="java.class.version" value="58.0" />
    <property name="src.dir" value="src" />
    <property name="ant.project.default-target" value="main" />
  </properties>
  <testcase classname="com.rpouiller.TestSimple" name="additionAvecDeuxNombres" time="0.191" />
  <testcase classname="com.rpouiller.TestSimple" name="additionAvecCinqNombres" time="0.0" />
  <testcase classname="com.rpouiller.TestSimple" name="mutiplicationAvecDeuxNombres" time="0.002">
    <failure message="expected:&lt;200&gt; but was:&lt;0&gt;" type="junit.framework.AssertionFailedError">junit.framework.AssertionFailedError: expected:&lt;200&gt; but was:&lt;0&gt;
	at com.rpouiller.TestSimple.mutiplicationAvecDeuxNombres(Unknown Source)
	at java.base/jdk.internal.reflect.NativeMethodAccessorImpl.invoke0(Native Method)
	at java.base/jdk.internal.reflect.NativeMethodAccessorImpl.invoke(NativeMethodAccessorImpl.java:62)
	at java.base/jdk.internal.reflect.DelegatingMethodAccessorImpl.invoke(DelegatingMethodAccessorImpl.java:43)
</failure>
  </testcase>
  <system-out><![CDATA[]]></system-out>
  <system-err><![CDATA[]]></system-err>
</testsuite>
