<?xml version="1.0" encoding="UTF-8" ?>
<testsuite errors="1" failures="0" hostname="DESKTOP-L9I2K1D" name="com.rpouiller.TestSimple" skipped="0" tests="1" time="0.0" timestamp="2022-09-21T14:53:16">
  <properties>
    <property name="java.vendor" value="Oracle Corporation" />
    <property name="lib.dir" value="lib" />
    <property name="sun.java.launcher" value="SUN_STANDARD" />
    <property name="sun.management.compiler" value="HotSpot 64-Bit Tiered Compilers" />
    <property name="os.name" value="Windows 10" />
    <property name="java.vm.specification.vendor" value="Oracle Corporation" />
    <property name="ant.home" value="C:\ant" />
    <property name="java.runtime.version" value="19+36-2238" />
    <property name="package.name" value="com.developpez.rpouiller.testsjunit4" />
    <property name="user.name" value="Utilisateur" />
    <property name="project.shortname" value="Operations" />
    <property name="build.dir" value="build" />
    <property name="stdout.encoding" value="Cp1252" />
    <property name="user.language" value="fr" />
    <property name="sun.boot.library.path" value="C:\Program Files\Java\jdk-19\bin" />
    <property name="ant.project.default-target" value="main" />
    <property name="ant.project.name" value="Operations" />
    <property name="java.vm.compressedOopsMode" value="Zero based" />
    <property name="java.version" value="19" />
    <property name="sun.arch.data.model" value="64" />
    <property name="jar" value="build/jar" />
    <property name="sun.cpu.isalist" value="amd64" />
    <property name="sun.jnu.encoding" value="Cp1252" />
    <property name="file.separator" value="\" />
    <property name="java.specification.name" value="Java Platform API Specification" />
    <property name="java.class.version" value="63.0" />
    <property name="classes.dir" value="build/dir" />
    <property name="user.country" value="FR" />
    <property name="java.home" value="C:\Program Files\Java\jdk-19" />
    <property name="java.vm.info" value="mixed mode, sharing" />
    <property name="main-class" value="com/rpouiller/Operations" />
    <property name="ant.file" value="C:\Users\Utilisateur\Documents\TP-Outils-pour-dev\TOULLEC-AUBEL\lp_od_ant\exercice\build.xml" />
    <property name="os.version" value="10.0" />
    <property name="path.separator" value=";" />
    <property name="java.vm.version" value="19+36-2238" />
    <property name="user.variant" value="" />
    <property name="ant.library.dir" value="C:\ant\lib" />
    <property name="stderr.encoding" value="Cp1252" />
    <property name="sun.io.unicode.encoding" value="UnicodeLittle" />
    <property name="user.script" value="" />
    <property name="ant.file.type.Operations" value="file" />
    <property name="user.home" value="C:\Users\Utilisateur" />
    <property name="java.version.date" value="2022-09-20" />
    <property name="java.specification.vendor" value="Oracle Corporation" />
    <property name="test" value="project.properties" />
    <property name="test.dir" value="test" />
    <property name="java.library.path" value="C:\Program Files\Java\jdk-19\bin;C:\Windows\Sun\Java\bin;C:\Windows\system32;C:\Windows;C:\Program Files\Common Files\Oracle\Java\javapath;C:\Program Files (x86)\Common Files\Oracle\Java\javapath;C:\Windows\system32;C:\Windows;C:\Windows\System32\Wbem;C:\Windows\System32\WindowsPowerShell\v1.0\;C:\Windows\System32\OpenSSH\;C:\Program Files\NVIDIA Corporation\NVIDIA NvDLISR;C:\Program Files (x86)\NVIDIA Corporation\PhysX\Common;C:\Program Files\dotnet\;C:\Program Files\Git\cmd;C:\ant;C:\Program Files\Java\jdk-19;C:\ant\bin;C:\Users\Utilisateur\AppData\Local\Microsoft\WindowsApps;C:\Users\Utilisateur\AppData\Local\Programs\Microsoft VS Code\bin;C:\Users\Utilisateur\.dotnet\tools;C:\Program Files\Java\jdk-19;;." />
    <property name="java.vendor.url" value="https://java.oracle.com/" />
    <property name="ant.file.Operations" value="C:\Users\Utilisateur\Documents\TP-Outils-pour-dev\TOULLEC-AUBEL\lp_od_ant\exercice\build.xml" />
    <property name="java.vm.vendor" value="Oracle Corporation" />
    <property name="java.runtime.name" value="Java(TM) SE Runtime Environment" />
    <property name="sun.java.command" value="org.apache.tools.ant.taskdefs.optional.junit.JUnitTestRunner com.rpouiller.TestSimple skipNonTests=false filtertrace=true haltOnError=false haltOnFailure=false formatter=org.apache.tools.ant.taskdefs.optional.junit.SummaryJUnitResultFormatter showoutput=false outputtoformatters=true logfailedtests=true threadid=0 logtestlistenerevents=false formatter=org.apache.tools.ant.taskdefs.optional.junit.XMLJUnitResultFormatter,C:\Users\Utilisateur\Documents\TP-Outils-pour-dev\TOULLEC-AUBEL\lp_od_ant\exercice\build\junittest\TEST-com.rpouiller.TestSimple.xml crashfile=C:\Users\Utilisateur\Documents\TP-Outils-pour-dev\TOULLEC-AUBEL\lp_od_ant\exercice\junitvmwatcher4475443619909254619.properties propsfile=C:\Users\Utilisateur\Documents\TP-Outils-pour-dev\TOULLEC-AUBEL\lp_od_ant\exercice\junit7681354861679572931.properties" />
    <property name="java.class.path" value="C:\Users\Utilisateur\Documents\TP-Outils-pour-dev\TOULLEC-AUBEL\lp_od_ant\exercice\lib\hamcrest-core-1.3.jar;C:\Users\Utilisateur\Documents\TP-Outils-pour-dev\TOULLEC-AUBEL\lp_od_ant\exercice\lib\hamcrest-core-2.2.jar;C:\Users\Utilisateur\Documents\TP-Outils-pour-dev\TOULLEC-AUBEL\lp_od_ant\exercice\lib\ivy-2.5.0.jar;C:\Users\Utilisateur\Documents\TP-Outils-pour-dev\TOULLEC-AUBEL\lp_od_ant\exercice\lib\junit-4.13.jar;C:\Users\Utilisateur\Documents\TP-Outils-pour-dev\TOULLEC-AUBEL\lp_od_ant\exercice\lib\junit-4.5.jar;C:\Users\Utilisateur\Documents\TP-Outils-pour-dev\TOULLEC-AUBEL\lp_od_ant\exercice\lib\log4j-1.2-api-2.13.3.jar;C:\Users\Utilisateur\Documents\TP-Outils-pour-dev\TOULLEC-AUBEL\lp_od_ant\exercice\lib\log4j-1.2-api-2.6.2.jar;C:\Users\Utilisateur\Documents\TP-Outils-pour-dev\TOULLEC-AUBEL\lp_od_ant\exercice\lib\log4j-api-2.13.3.jar;C:\Users\Utilisateur\Documents\TP-Outils-pour-dev\TOULLEC-AUBEL\lp_od_ant\exercice\lib\log4j-api-2.6.2.jar;C:\Users\Utilisateur\Documents\TP-Outils-pour-dev\TOULLEC-AUBEL\lp_od_ant\exercice\lib\log4j-core-2.13.3.jar;C:\Users\Utilisateur\Documents\TP-Outils-pour-dev\TOULLEC-AUBEL\lp_od_ant\exercice\lib\log4j-core-2.6.2.jar;C:\Users\Utilisateur\Documents\TP-Outils-pour-dev\TOULLEC-AUBEL\lp_od_ant\exercice\build\jar\Operations.jar;C:\ant\lib\ant-launcher.jar;C:\ant\lib\ant.jar;C:\ant\lib\ant-junit.jar;C:\ant\lib\ant-junit4.jar" />
    <property name="ant.version" value="Apache Ant(TM) version 1.9.16 compiled on July 10 2021" />
    <property name="project.version" value="0.0.1" />
    <property name="native.encoding" value="Cp1252" />
    <property name="mainclass" value="com.developpez.rpouiller.testsjunit4.Operations" />
    <property name="jdk.debug" value="release" />
    <property name="java.vm.specification.name" value="Java Virtual Machine Specification" />
    <property name="ant.file.type" value="file" />
    <property name="java.vm.specification.version" value="19" />
    <property name="sun.cpu.endian" value="little" />
    <property name="sun.os.patch.level" value="" />
    <property name="java.io.tmpdir" value="C:\Users\UTILIS~1\AppData\Local\Temp\" />
    <property name="java.vendor.url.bug" value="https://bugreport.java.com/bugreport/" />
    <property name="project.author" value="Moi" />
    <property name="os.arch" value="amd64" />
    <property name="user.dir" value="C:\Users\Utilisateur\Documents\TP-Outils-pour-dev\TOULLEC-AUBEL\lp_od_ant\exercice" />
    <property name="line.separator" value="&#xd;&#xa;" />
    <property name="java.vm.name" value="Java HotSpot(TM) 64-Bit Server VM" />
    <property name="basedir" value="C:\Users\Utilisateur\Documents\TP-Outils-pour-dev\TOULLEC-AUBEL\lp_od_ant\exercice" />
    <property name="ant.java.version" value="19" />
    <property name="ant.core.lib" value="C:\ant\lib\ant.jar" />
    <property name="file.encoding" value="UTF-8" />
    <property name="java.specification.version" value="19" />
    <property name="src.dir" value="src" />
    <property name="ant.project.invoked-targets" value="junit" />
  </properties>
  <error message="com.rpouiller.TestSimple" type="java.lang.ClassNotFoundException">java.lang.ClassNotFoundException: com.rpouiller.TestSimple
	at java.base/jdk.internal.loader.BuiltinClassLoader.loadClass(BuiltinClassLoader.java:641)
	at java.base/jdk.internal.loader.ClassLoaders$AppClassLoader.loadClass(ClassLoaders.java:188)
	at java.base/java.lang.ClassLoader.loadClass(ClassLoader.java:521)
	at java.base/java.lang.Class.forName0(Native Method)
	at java.base/java.lang.Class.forName(Class.java:495)
	at java.base/java.lang.Class.forName(Class.java:474)
</error>
  <system-out><![CDATA[]]></system-out>
  <system-err><![CDATA[]]></system-err>
</testsuite>
